Not Found: /static/admin/css/dark_mode.css
Not Found: /static/admin/css/login.css
Not Found: /static/admin/js/theme.js
Not Found: /static/admin/js/nav_sidebar.js
Not Found: /static/admin/css/nav_sidebar.css
Not Found: /static/admin/css/responsive.css
Not Found: /static/admin/css/base.css
Not Found: /favicon.ico
Not Found: /
Invalid HTTP_HOST header: 'localhost'. You may need to add 'localhost' to ALLOWED_HOSTS.
Traceback (most recent call last):
  File "/home/proximidad/backend/venv/lib/python3.13/site-packages/django/core/handlers/exception.py", line 55, in inner
    response = get_response(request)
  File "/home/proximidad/backend/venv/lib/python3.13/site-packages/django/utils/deprecation.py", line 133, in __call__
    response = self.process_request(request)
  File "/home/proximidad/backend/venv/lib/python3.13/site-packages/django/middleware/common.py", line 48, in process_request
    host = request.get_host()
  File "/home/proximidad/backend/venv/lib/python3.13/site-packages/django/http/request.py", line 151, in get_host
    raise DisallowedHost(msg)
django.core.exceptions.DisallowedHost: Invalid HTTP_HOST header: 'localhost'. You may need to add 'localhost' to ALLOWED_HOSTS.
Bad Request: /api/
Invalid HTTP_HOST header: 'localhost'. You may need to add 'localhost' to ALLOWED_HOSTS.
Traceback (most recent call last):
  File "/home/proximidad/backend/venv/lib/python3.13/site-packages/django/core/handlers/exception.py", line 55, in inner
    response = get_response(request)
  File "/home/proximidad/backend/venv/lib/python3.13/site-packages/django/utils/deprecation.py", line 133, in __call__
    response = self.process_request(request)
  File "/home/proximidad/backend/venv/lib/python3.13/site-packages/django/middleware/common.py", line 48, in process_request
    host = request.get_host()
  File "/home/proximidad/backend/venv/lib/python3.13/site-packages/django/http/request.py", line 151, in get_host
    raise DisallowedHost(msg)
django.core.exceptions.DisallowedHost: Invalid HTTP_HOST header: 'localhost'. You may need to add 'localhost' to ALLOWED_HOSTS.
Bad Request: /api/
Invalid HTTP_HOST header: 'localhost'. You may need to add 'localhost' to ALLOWED_HOSTS.
Traceback (most recent call last):
  File "/home/proximidad/backend/venv/lib/python3.13/site-packages/django/core/handlers/exception.py", line 55, in inner
    response = get_response(request)
  File "/home/proximidad/backend/venv/lib/python3.13/site-packages/django/utils/deprecation.py", line 133, in __call__
    response = self.process_request(request)
  File "/home/proximidad/backend/venv/lib/python3.13/site-packages/django/middleware/common.py", line 48, in process_request
    host = request.get_host()
  File "/home/proximidad/backend/venv/lib/python3.13/site-packages/django/http/request.py", line 151, in get_host
    raise DisallowedHost(msg)
django.core.exceptions.DisallowedHost: Invalid HTTP_HOST header: 'localhost'. You may need to add 'localhost' to ALLOWED_HOSTS.
Bad Request: /api/
Not Found: /api/media/servicios/default.jpg
Not Found: /api/generar-codigo/
Not Found: /api/generar-codigo/
Not Found: /api/media/servicios/default.jpg
Not Found: /api/media/servicios/default.jpg
Not Found: /api/media/servicios/default.jpg
Not Found: /api/generar-codigo/
Not Found: /api/media/servicios/default.jpg
Bad Request: /api/crear-usuario/
Not Found: /api/media/servicios/default.jpg
Bad Request: /api/crear-usuario/
Not Found: /api/media/servicios/default.jpg
Not Found: /api/media/servicios/default.jpg
Bad Request: /api/crear-usuario/
Not Found: /api/media/servicios/default.jpg
Not Found: /api/vendor/phpunit/phpunit/src/Util/PHP/eval-stdin.php
Invalid HTTP_HOST header: 'localhost'. You may need to add 'localhost' to ALLOWED_HOSTS.
Traceback (most recent call last):
  File "/home/proximidad/backend/venv/lib/python3.13/site-packages/django/core/handlers/exception.py", line 55, in inner
    response = get_response(request)
  File "/home/proximidad/backend/venv/lib/python3.13/site-packages/django/utils/deprecation.py", line 133, in __call__
    response = self.process_request(request)
  File "/home/proximidad/backend/venv/lib/python3.13/site-packages/django/middleware/common.py", line 48, in process_request
    host = request.get_host()
  File "/home/proximidad/backend/venv/lib/python3.13/site-packages/django/http/request.py", line 151, in get_host
    raise DisallowedHost(msg)
django.core.exceptions.DisallowedHost: Invalid HTTP_HOST header: 'localhost'. You may need to add 'localhost' to ALLOWED_HOSTS.
Bad Request: /api/
Not Found: /api/media/servicios/default.jpg
Not Found: /api/media/servicios/default.jpg
Not Found: /api/.env
Not Found: /api/.git/config
Not Found: /api/media/servicios/default.jpg
Not Found: /api/generar-codigo/
Not Found: /api/media/servicios/default.jpg
Not Found: /api/generar-codigo/
Not Found: /api/media/servicios/default.jpg
Not Found: /api/media/servicios/default.jpg
Not Found: /api/media/servicios/default.jpg
Not Found: /api/media/servicios/default.jpg
Not Found: /api/media/servicios/default.jpg
Not Found: /api/media/servicios/default.jpg
Not Found: /api/.env
Not Found: /api/.git/config
Not Found: /api/vendor/phpunit/phpunit/src/Util/PHP/eval-stdin.php
Not Found: /api/media/servicios/default.jpg
Not Found: /api/media/servicios/default.jpg
Not Found: /api/media/servicios/default.jpg
Not Found: /api/.env
Not Found: /api/.git/config
Not Found: /api/media/servicios/default.jpg
Not Found: /api/media/servicios/default.jpg
Not Found: /api/media/servicios/default.jpg
Not Found: /api/media/servicios/default.jpg
Not Found: /api/media/servicios/default.jpg
Not Found: /api/media/servicios/default.jpg
Not Found: /api/media/servicios/default.jpg
